Unity Editor version:    2021.3.11f1 (0a5ca18544bf)
Branch:                  2021.3/staging
Build type:              Release
Batch mode:              YES
macOS version:           Version 13.0 (Build 22A380)
Darwin version:          22.1.0
Architecture:            x86_64
Running under Rosetta:   NO
Available memory:        8192 MB
Using pre-set license
Pro License: YES

COMMAND LINE ARGUMENTS:
/Applications/Unity/Hub/Editor/2021.3.11f1/Unity.app/Contents/MacOS/Unity
-adb2
-batchMode
-noUpm
-name
AssetImportWorker1
-projectPath
/Users/isa/Desktop/KitchenWar/Kitchen War
-logFile
Logs/AssetImportWorker1.log
-srvPort
53538
Successfully changed project path to: /Users/isa/Desktop/KitchenWar/Kitchen War
/Users/isa/Desktop/KitchenWar/Kitchen War
[UnityMemory] Configuration Parameters - Can be set up in boot.config
    "memorysetup-bucket-allocator-granularity=16"
    "memorysetup-bucket-allocator-bucket-count=8"
    "memorysetup-bucket-allocator-block-size=33554432"
    "memorysetup-bucket-allocator-block-count=8"
    "memorysetup-main-allocator-block-size=16777216"
    "memorysetup-thread-allocator-block-size=16777216"
    "memorysetup-gfx-main-allocator-block-size=16777216"
    "memorysetup-gfx-thread-allocator-block-size=16777216"
    "memorysetup-cache-allocator-block-size=4194304"
    "memorysetup-typetree-allocator-block-size=2097152"
    "memorysetup-profiler-bucket-allocator-granularity=16"
    "memorysetup-profiler-bucket-allocator-bucket-count=8"
    "memorysetup-profiler-bucket-allocator-block-size=33554432"
    "memorysetup-profiler-bucket-allocator-block-count=8"
    "memorysetup-profiler-allocator-block-size=16777216"
    "memorysetup-profiler-editor-allocator-block-size=1048576"
    "memorysetup-temp-allocator-size-main=16777216"
    "memorysetup-job-temp-allocator-block-size=2097152"
    "memorysetup-job-temp-allocator-block-size-background=1048576"
    "memorysetup-job-temp-allocator-reduction-small-platforms=262144"
    "memorysetup-temp-allocator-size-background-worker=32768"
    "memorysetup-temp-allocator-size-job-worker=262144"
    "memorysetup-temp-allocator-size-preload-manager=33554432"
    "memorysetup-temp-allocator-size-nav-mesh-worker=65536"
    "memorysetup-temp-allocator-size-audio-worker=65536"
    "memorysetup-temp-allocator-size-cloud-worker=32768"
    "memorysetup-temp-allocator-size-gi-baking-worker=262144"
    "memorysetup-temp-allocator-size-gfx=262144"
Refreshing native plugins compatible for Editor in 323.42 ms, found 3 plugins.
Preloading 0 native plugins for Editor in 0.00 ms.
Initialize engine version: 2021.3.11f1 (0a5ca18544bf)
[Subsystems] Discovering subsystems at path /Applications/Unity/Hub/Editor/2021.3.11f1/Unity.app/Contents/Resources/UnitySubsystems
[Subsystems] Discovering subsystems at path /Users/isa/Desktop/KitchenWar/Kitchen War/Assets
GfxDevice: creating device client; threaded=0; jobified=0
Color LCD preferred device: Intel(R) UHD Graphics 617 (low power)
Metal devices available: 1
0: Intel(R) UHD Graphics 617 (low power)
Using device Intel(R) UHD Graphics 617 (low power)
Initializing Metal device caps: Intel(R) UHD Graphics 617
Initialize mono
Mono path[0] = '/Applications/Unity/Hub/Editor/2021.3.11f1/Unity.app/Contents/Managed'
Mono path[1] = '/Applications/Unity/Hub/Editor/2021.3.11f1/Unity.app/Contents/MonoBleedingEdge/lib/mono/unityjit-macos'
Mono config path = '/Applications/Unity/Hub/Editor/2021.3.11f1/Unity.app/Contents/MonoBleedingEdge/etc'
Using monoOptions --debugger-agent=transport=dt_socket,embedding=1,server=y,suspend=n,address=127.0.0.1:56013
Begin MonoManager ReloadAssembly
Registering precompiled unity dll's ...
Register platform support module: /Applications/Unity/Hub/Editor/2021.3.11f1/Unity.app/Contents/PlaybackEngines/MacStandaloneSupport/UnityEditor.OSXStandalone.Extensions.dll
Registered in 0.009311 seconds.
Native extension for OSXStandalone target not found
Refreshing native plugins compatible for Editor in 298.68 ms, found 3 plugins.
Preloading 0 native plugins for Editor in 0.00 ms.
Mono: successfully reloaded assembly
- Completed reload, in  2.734 seconds
Domain Reload Profiling:
	ReloadAssembly (2735ms)
		BeginReloadAssembly (598ms)
			ExecutionOrderSort (0ms)
			DisableScriptedObjects (0ms)
			BackupInstance (0ms)
			ReleaseScriptingObjects (0ms)
			CreateAndSetChildDomain (3ms)
		EndReloadAssembly (1640ms)
			LoadAssemblies (595ms)
			RebuildTransferFunctionScriptingTraits (5ms)
			SetupTypeCache (364ms)
			ReleaseScriptCaches (0ms)
			RebuildScriptCaches (104ms)
			SetupLoadedEditorAssemblies (1021ms)
				LogAssemblyErrors (0ms)
				InitializePlatformSupportModulesInManaged (20ms)
				SetLoadedEditorAssemblies (0ms)
				RefreshPlugins (299ms)
				BeforeProcessingInitializeOnLoad (4ms)
				ProcessInitializeOnLoadAttributes (540ms)
				ProcessInitializeOnLoadMethodAttributes (157ms)
				AfterProcessingInitializeOnLoad (0ms)
				EditorAssembliesLoaded (1ms)
			ExecutionOrderSort2 (0ms)
			AwakeInstancesAfterBackupRestoration (0ms)
Platform modules already initialized, skipping
Registering precompiled user dll's ...
Registered in 0.032186 seconds.
Begin MonoManager ReloadAssembly
Symbol file LoadedFromMemory doesn't match image /Users/isa/Desktop/KitchenWar/Kitchen War/Library/PackageCache/com.unity.visualscripting@1.7.8/Editor/VisualScripting.Core/Dependencies/YamlDotNet/Unity.VisualScripting.YamlDotNet.dll
Symbol file LoadedFromMemory doesn't match image /Users/isa/Desktop/KitchenWar/Kitchen War/Library/PackageCache/com.unity.visualscripting@1.7.8/Editor/VisualScripting.Core/Dependencies/DotNetZip/Unity.VisualScripting.IonicZip.dll
Native extension for OSXStandalone target not found
Refreshing native plugins compatible for Editor in 354.48 ms, found 3 plugins.
Preloading 0 native plugins for Editor in 0.00 ms.
Mono: successfully reloaded assembly
- Completed reload, in  4.107 seconds
Domain Reload Profiling:
	ReloadAssembly (4110ms)
		BeginReloadAssembly (288ms)
			ExecutionOrderSort (0ms)
			DisableScriptedObjects (16ms)
			BackupInstance (0ms)
			ReleaseScriptingObjects (0ms)
			CreateAndSetChildDomain (58ms)
		EndReloadAssembly (3434ms)
			LoadAssemblies (372ms)
			RebuildTransferFunctionScriptingTraits (0ms)
			SetupTypeCache (969ms)
			ReleaseScriptCaches (1ms)
			RebuildScriptCaches (213ms)
			SetupLoadedEditorAssemblies (1666ms)
				LogAssemblyErrors (0ms)
				InitializePlatformSupportModulesInManaged (8ms)
				SetLoadedEditorAssemblies (0ms)
				RefreshPlugins (355ms)
				BeforeProcessingInitializeOnLoad (299ms)
				ProcessInitializeOnLoadAttributes (875ms)
				ProcessInitializeOnLoadMethodAttributes (118ms)
				AfterProcessingInitializeOnLoad (9ms)
				EditorAssembliesLoaded (2ms)
			ExecutionOrderSort2 (0ms)
			AwakeInstancesAfterBackupRestoration (20ms)
Platform modules already initialized, skipping
========================================================================
Worker process is ready to serve import requests
Launching external process: /Applications/Unity/Hub/Editor/2021.3.11f1/Unity.app/Contents/Tools/UnityShaderCompiler
Launched and connected shader compiler UnityShaderCompiler after 0.93 seconds
Refreshing native plugins compatible for Editor in 1.93 ms, found 3 plugins.
Preloading 0 native plugins for Editor in 0.00 ms.
Unloading 4100 Unused Serialized files (Serialized files now loaded: 0)
Unloading 44 unused Assets / (170.5 KB). Loaded Objects now: 4562.
Memory consumption went from 140.8 MB to 140.6 MB.
Total: 11.702386 ms (FindLiveObjects: 0.699109 ms CreateObjectMapping: 0.626441 ms MarkObjects: 9.609122 ms  DeleteObjects: 0.765073 ms)

AssetImportParameters requested are different than current active one (requested -> active):
  custom:video-decoder-ogg-theora: a1e56fd34408186e4bbccfd4996cb3dc -> 
  custom:container-muxer-webm: aa71ff27fc2769a1b78a27578f13a17b -> 
  custom:container-demuxer-webm: 4f35f7cbe854078d1ac9338744f61a02 -> 
  custom:video-encoder-webm-vp8: eb34c28f22e8b96e1ab97ce403110664 -> 
  custom:framework-osx-AVFoundation: e770b220cccbd017edd2c1fefb359320 -> 
  custom:audio-encoder-webm-vorbis: bf7c407c2cedff20999df2af8eb42d56 -> 
  custom:container-demuxer-ogg: 62fdf1f143b41e24485cea50d1cbac27 -> 
  custom:video-decoder-webm-vp8: 9c59270c3fd7afecdb556c50c9e8de78 -> 
  custom:audio-decoder-ogg-vorbis: bf7c407c2cedff20999df2af8eb42d56 -> 
========================================================================
Received Import Request.
  Time since last request: 392064.265324 seconds.
  path: Assets/CoffeeShopStarterPack/Prefabs/PW_doughnut_blackNwhite.prefab
  artifactKey: Guid(80b8d62454dc44cf2984af37c98f941e) Importer(815301076,1909f56bfc062723c751e8b465ee728b)
Start importing Assets/CoffeeShopStarterPack/Prefabs/PW_doughnut_blackNwhite.prefab using Guid(80b8d62454dc44cf2984af37c98f941e) Importer(815301076,1909f56bfc062723c751e8b465ee728b)  -> (artifact id: '33ddab31e4cb9d1a4faeb4e7f8638251') in 1.351895 seconds 
========================================================================
Received Import Request.
  Time since last request: 8050.989944 seconds.
  path: Assets/StudioBillion/House Interior/Prefabs/Armchair.prefab
  artifactKey: Guid(d89225c174a3955439a93e85a798211e) Importer(815301076,1909f56bfc062723c751e8b465ee728b)
Start importing Assets/StudioBillion/House Interior/Prefabs/Armchair.prefab using Guid(d89225c174a3955439a93e85a798211e) Importer(815301076,1909f56bfc062723c751e8b465ee728b)  -> (artifact id: '6ce5d3bfa8fbe2956c74fa84baceacb4') in 1.698975 seconds 
========================================================================
Received Import Request.
  Time since last request: 0.001085 seconds.
  path: Assets/StudioBillion/House Interior/Prefabs/Closet.prefab
  artifactKey: Guid(796e32cd1010d3b4a934bd873c9246c7) Importer(815301076,1909f56bfc062723c751e8b465ee728b)
Start importing Assets/StudioBillion/House Interior/Prefabs/Closet.prefab using Guid(796e32cd1010d3b4a934bd873c9246c7) Importer(815301076,1909f56bfc062723c751e8b465ee728b)  -> (artifact id: '27b9ec09a639a89651d4284d45e6f050') in 0.032335 seconds 
========================================================================
Received Import Request.
  Time since last request: 6.814502 seconds.
  path: Assets/StudioBillion/House Interior/Prefabs/Dinner Table.prefab
  artifactKey: Guid(cbec771c1795bd6458b2310c86d5d6b7) Importer(815301076,1909f56bfc062723c751e8b465ee728b)
Start importing Assets/StudioBillion/House Interior/Prefabs/Dinner Table.prefab using Guid(cbec771c1795bd6458b2310c86d5d6b7) Importer(815301076,1909f56bfc062723c751e8b465ee728b)  -> (artifact id: '0e5de6a4292bf3ce30df273c2350fb4b') in 0.028298 seconds 
========================================================================
Received Import Request.
  Time since last request: 0.004594 seconds.
  path: Assets/CoffeeShopStarterPack/Prefabs/Bewerage/espresso_particle.prefab
  artifactKey: Guid(13cce437e2d154c5e906b580b5f9671f) Importer(815301076,1909f56bfc062723c751e8b465ee728b)
Start importing Assets/CoffeeShopStarterPack/Prefabs/Bewerage/espresso_particle.prefab using Guid(13cce437e2d154c5e906b580b5f9671f) Importer(815301076,1909f56bfc062723c751e8b465ee728b)  -> (artifact id: '0265bd16adfb2d82a652cd2bdcfa0a12') in 0.164147 seconds 
========================================================================
Received Import Request.
  Time since last request: 0.000172 seconds.
  path: Assets/StudioBillion/House Interior/Prefabs/Fridge.prefab
  artifactKey: Guid(49e948fe26356c64e9bccc46963c77da) Importer(815301076,1909f56bfc062723c751e8b465ee728b)
Start importing Assets/StudioBillion/House Interior/Prefabs/Fridge.prefab using Guid(49e948fe26356c64e9bccc46963c77da) Importer(815301076,1909f56bfc062723c751e8b465ee728b)  -> (artifact id: 'b1ef87ef448ef931cb81db8f49f4484a') in 0.042356 seconds 
========================================================================
Received Import Request.
  Time since last request: 3.294663 seconds.
  path: Assets/StudioBillion/House Interior/Prefabs/Kitchen.prefab
  artifactKey: Guid(3ef71c61a4b7a584ab19647cf6f6946e) Importer(815301076,1909f56bfc062723c751e8b465ee728b)
Start importing Assets/StudioBillion/House Interior/Prefabs/Kitchen.prefab using Guid(3ef71c61a4b7a584ab19647cf6f6946e) Importer(815301076,1909f56bfc062723c751e8b465ee728b)  -> (artifact id: '57558676e6acca6658aa8548e171c025') in 0.054540 seconds 
========================================================================
Received Import Request.
  Time since last request: 0.024086 seconds.
  path: Assets/StudioBillion/House Interior/Prefabs/Lamp.prefab
  artifactKey: Guid(86f89f9c2c1237c4c8daaddf88ad499d) Importer(815301076,1909f56bfc062723c751e8b465ee728b)
Start importing Assets/StudioBillion/House Interior/Prefabs/Lamp.prefab using Guid(86f89f9c2c1237c4c8daaddf88ad499d) Importer(815301076,1909f56bfc062723c751e8b465ee728b)  -> (artifact id: '257fa5ebfadf0e1684fd42a2546bfc69') in 0.050683 seconds 
========================================================================
Received Import Request.
  Time since last request: 0.025865 seconds.
  path: Assets/Kitchen Asset/Prefabs/Knife2.prefab
  artifactKey: Guid(2a79468e213672b4984d41d9f26ab16a) Importer(815301076,1909f56bfc062723c751e8b465ee728b)
Start importing Assets/Kitchen Asset/Prefabs/Knife2.prefab using Guid(2a79468e213672b4984d41d9f26ab16a) Importer(815301076,1909f56bfc062723c751e8b465ee728b)  -> (artifact id: '88d75e1bfe9cee6e6dde8dcc9308989e') in 0.401187 seconds 
========================================================================
Received Import Request.
  Time since last request: 1.963421 seconds.
  path: Assets/StudioBillion/House Interior/Prefabs/Microwave.prefab
  artifactKey: Guid(97f0c639a9eb92b43a377663bfdbfd11) Importer(815301076,1909f56bfc062723c751e8b465ee728b)
Start importing Assets/StudioBillion/House Interior/Prefabs/Microwave.prefab using Guid(97f0c639a9eb92b43a377663bfdbfd11) Importer(815301076,1909f56bfc062723c751e8b465ee728b)  -> (artifact id: '4978d095fc4c81f2c5be512bafe95e88') in 0.045497 seconds 
========================================================================
Received Import Request.
  Time since last request: 0.000148 seconds.
  path: Assets/StudioBillion/House Interior/Prefabs/Mirror.prefab
  artifactKey: Guid(73f7eae3185b5514b8bbc03107939a9b) Importer(815301076,1909f56bfc062723c751e8b465ee728b)
Start importing Assets/StudioBillion/House Interior/Prefabs/Mirror.prefab using Guid(73f7eae3185b5514b8bbc03107939a9b) Importer(815301076,1909f56bfc062723c751e8b465ee728b)  -> (artifact id: '60a759ac3ed2861eef01028f6114e7ae') in 0.592930 seconds 
========================================================================
Received Import Request.
  Time since last request: 0.669068 seconds.
  path: Assets/StudioBillion/House Interior/Prefabs/Pan.prefab
  artifactKey: Guid(b25277b7e28aa4446a996b11092272d7) Importer(815301076,1909f56bfc062723c751e8b465ee728b)
Start importing Assets/StudioBillion/House Interior/Prefabs/Pan.prefab using Guid(b25277b7e28aa4446a996b11092272d7) Importer(815301076,1909f56bfc062723c751e8b465ee728b)  -> (artifact id: '357b04fb746d9c7278e1e05c31243724') in 0.025166 seconds 
========================================================================
Received Import Request.
  Time since last request: 0.010109 seconds.
  path: Assets/Kitchen Asset/Prefabs/Plate1.prefab
  artifactKey: Guid(8e9bdb5bf8e1022489334c16a0e43dce) Importer(815301076,1909f56bfc062723c751e8b465ee728b)
Start importing Assets/Kitchen Asset/Prefabs/Plate1.prefab using Guid(8e9bdb5bf8e1022489334c16a0e43dce) Importer(815301076,1909f56bfc062723c751e8b465ee728b)  -> (artifact id: '00a36070844a670ac4d6422fafbc12ef') in 0.251056 seconds 
========================================================================
Received Import Request.
  Time since last request: 4.927373 seconds.
  path: Assets/CoffeeShopStarterPack/Prefabs/Gameplay/ProductWithCover2.prefab
  artifactKey: Guid(76cd75a9350bc4e99828d9e48aa31ffd) Importer(815301076,1909f56bfc062723c751e8b465ee728b)
Start importing Assets/CoffeeShopStarterPack/Prefabs/Gameplay/ProductWithCover2.prefab using Guid(76cd75a9350bc4e99828d9e48aa31ffd) Importer(815301076,1909f56bfc062723c751e8b465ee728b)  -> (artifact id: '0093039e0d1e3dd1ab72c034cff56eea') in 0.280445 seconds 
========================================================================
Received Import Request.
  Time since last request: 3.408277 seconds.
  path: Assets/CoffeeShopStarterPack/Prefabs/Gameplay/Products/PW_cheesecake_strawberry_type3.prefab
  artifactKey: Guid(08205a05ac4cb4d79a1eea66d6cb40aa) Importer(815301076,1909f56bfc062723c751e8b465ee728b)
Start importing Assets/CoffeeShopStarterPack/Prefabs/Gameplay/Products/PW_cheesecake_strawberry_type3.prefab using Guid(08205a05ac4cb4d79a1eea66d6cb40aa) Importer(815301076,1909f56bfc062723c751e8b465ee728b)  -> (artifact id: 'a2b77c6dad01e841a42f0cbc599dd84f') in 0.031000 seconds 
========================================================================
Received Import Request.
  Time since last request: 6.093198 seconds.
  path: Assets/CoffeeShopStarterPack/Prefabs/Gameplay/Products/PW_croissant_type3.prefab
  artifactKey: Guid(fc1c715930c3942a4b6230c59db45ddc) Importer(815301076,1909f56bfc062723c751e8b465ee728b)
Start importing Assets/CoffeeShopStarterPack/Prefabs/Gameplay/Products/PW_croissant_type3.prefab using Guid(fc1c715930c3942a4b6230c59db45ddc) Importer(815301076,1909f56bfc062723c751e8b465ee728b)  -> (artifact id: 'ac0c376918bcfe9880c383f0526b7b9c') in 0.050480 seconds 
========================================================================
Received Import Request.
  Time since last request: 0.000090 seconds.
  path: Assets/CoffeeShopStarterPack/Prefabs/PW_cup03.prefab
  artifactKey: Guid(f1014df0302d8494dace54e1a35a1d74) Importer(815301076,1909f56bfc062723c751e8b465ee728b)
Start importing Assets/CoffeeShopStarterPack/Prefabs/PW_cup03.prefab using Guid(f1014df0302d8494dace54e1a35a1d74) Importer(815301076,1909f56bfc062723c751e8b465ee728b)  -> (artifact id: 'e61923f0b04f96a07a9f66c2ac3acea7') in 0.027803 seconds 
========================================================================
Received Import Request.
  Time since last request: 0.000118 seconds.
  path: Assets/CoffeeShopStarterPack/Prefabs/Gameplay/Products/PW_cup01_type2.prefab
  artifactKey: Guid(da969c6a8e1504a9b810d48b9518d121) Importer(815301076,1909f56bfc062723c751e8b465ee728b)
Start importing Assets/CoffeeShopStarterPack/Prefabs/Gameplay/Products/PW_cup01_type2.prefab using Guid(da969c6a8e1504a9b810d48b9518d121) Importer(815301076,1909f56bfc062723c751e8b465ee728b)  -> (artifact id: 'd3610131aefadd34b55209ed15bbf5fd') in 0.052048 seconds 
========================================================================
Received Import Request.
  Time since last request: 0.000241 seconds.
  path: Assets/CoffeeShopStarterPack/Prefabs/Gameplay/Products/PW_cup02_type2.prefab
  artifactKey: Guid(aca068d7d3d5a449a985904c5d0f314f) Importer(815301076,1909f56bfc062723c751e8b465ee728b)
Start importing Assets/CoffeeShopStarterPack/Prefabs/Gameplay/Products/PW_cup02_type2.prefab using Guid(aca068d7d3d5a449a985904c5d0f314f) Importer(815301076,1909f56bfc062723c751e8b465ee728b)  -> (artifact id: 'fec4c8bc9a16f74f57ec431826772844') in 0.031650 seconds 
========================================================================
Received Import Request.
  Time since last request: 4.552140 seconds.
  path: Assets/CoffeeShopStarterPack/Prefabs/Gameplay/Products/PW_cupcake_chocolattechips_type3.prefab
  artifactKey: Guid(e366799c86fa84940b2b8a3cec70cca6) Importer(815301076,1909f56bfc062723c751e8b465ee728b)
Start importing Assets/CoffeeShopStarterPack/Prefabs/Gameplay/Products/PW_cupcake_chocolattechips_type3.prefab using Guid(e366799c86fa84940b2b8a3cec70cca6) Importer(815301076,1909f56bfc062723c751e8b465ee728b)  -> (artifact id: '754164ffb091b6f72408a102c401cb6e') in 0.054304 seconds 
========================================================================
Received Import Request.
  Time since last request: 4.222534 seconds.
  path: Assets/CoffeeShopStarterPack/Prefabs/Gameplay/Products/PW_cupcake_redvelvet_type3.prefab
  artifactKey: Guid(7b6ee77fde76f40e1bc373c79a408e89) Importer(815301076,1909f56bfc062723c751e8b465ee728b)
Start importing Assets/CoffeeShopStarterPack/Prefabs/Gameplay/Products/PW_cupcake_redvelvet_type3.prefab using Guid(7b6ee77fde76f40e1bc373c79a408e89) Importer(815301076,1909f56bfc062723c751e8b465ee728b)  -> (artifact id: 'cc1ccf1b7b3ffabce39eae863c2a4622') in 0.029452 seconds 
========================================================================
Received Import Request.
  Time since last request: 4.185934 seconds.
  path: Assets/CoffeeShopStarterPack/Prefabs/Gameplay/Products/PW_doughnut_pink_type3.prefab
  artifactKey: Guid(3c21fae85de8b448fb137b5311d976ca) Importer(815301076,1909f56bfc062723c751e8b465ee728b)
Start importing Assets/CoffeeShopStarterPack/Prefabs/Gameplay/Products/PW_doughnut_pink_type3.prefab using Guid(3c21fae85de8b448fb137b5311d976ca) Importer(815301076,1909f56bfc062723c751e8b465ee728b)  -> (artifact id: 'fe1e2438d99c71616ee6a169892cf4a4') in 0.064104 seconds 
========================================================================
Received Import Request.
  Time since last request: 3.909072 seconds.
  path: Assets/CoffeeShopStarterPack/Prefabs/Gameplay/PW_espresso_machine_interactable.prefab
  artifactKey: Guid(a1d339b08f8ae4b419f20fa357ffd1c7) Importer(815301076,1909f56bfc062723c751e8b465ee728b)
Start importing Assets/CoffeeShopStarterPack/Prefabs/Gameplay/PW_espresso_machine_interactable.prefab using Guid(a1d339b08f8ae4b419f20fa357ffd1c7) Importer(815301076,1909f56bfc062723c751e8b465ee728b)  -> (artifact id: 'd96323cf1856b3c232f4a1cc61a1d4d2') in 0.507808 seconds 
========================================================================
Received Import Request.
  Time since last request: 123.800039 seconds.
  path: Assets/CoffeeShopStarterPack/Prefabs/Gameplay/Products/PW_frenchtoast_olives_type0.prefab
  artifactKey: Guid(830391d30cfc24e6c8e5fac1b6d47649) Importer(815301076,1909f56bfc062723c751e8b465ee728b)
Start importing Assets/CoffeeShopStarterPack/Prefabs/Gameplay/Products/PW_frenchtoast_olives_type0.prefab using Guid(830391d30cfc24e6c8e5fac1b6d47649) Importer(815301076,1909f56bfc062723c751e8b465ee728b)  -> (artifact id: '454eeacd783be4b1d25aeb217d94e383') in 0.087962 seconds 
========================================================================
Received Import Request.
  Time since last request: 0.000592 seconds.
  path: Assets/CoffeeShopStarterPack/Prefabs/PW_frenchtoast_strawberry.prefab
  artifactKey: Guid(9acf341c571a948e389aa24e4b77dbd2) Importer(815301076,1909f56bfc062723c751e8b465ee728b)
Start importing Assets/CoffeeShopStarterPack/Prefabs/PW_frenchtoast_strawberry.prefab using Guid(9acf341c571a948e389aa24e4b77dbd2) Importer(815301076,1909f56bfc062723c751e8b465ee728b)  -> (artifact id: 'c933646e2a3763a2d955e04c10bd6061') in 0.032135 seconds 
========================================================================
Received Import Request.
  Time since last request: 0.000718 seconds.
  path: Assets/CoffeeShopStarterPack/Prefabs/Gameplay/Products/PW_frenchtoast_strawberry_type0.prefab
  artifactKey: Guid(5e6b51f587888488880ecf075a60bcb2) Importer(815301076,1909f56bfc062723c751e8b465ee728b)
Start importing Assets/CoffeeShopStarterPack/Prefabs/Gameplay/Products/PW_frenchtoast_strawberry_type0.prefab using Guid(5e6b51f587888488880ecf075a60bcb2) Importer(815301076,1909f56bfc062723c751e8b465ee728b)  -> (artifact id: '23e1d98f96926fcbca21c6cff199e528') in 0.026330 seconds 
========================================================================
Received Import Request.
  Time since last request: 5.331677 seconds.
  path: Assets/CoffeeShopStarterPack/Prefabs/Gameplay/Products/PW_lemonade_type3.prefab
  artifactKey: Guid(68af7fd3c3ed1469c904687404167925) Importer(815301076,1909f56bfc062723c751e8b465ee728b)
Start importing Assets/CoffeeShopStarterPack/Prefabs/Gameplay/Products/PW_lemonade_type3.prefab using Guid(68af7fd3c3ed1469c904687404167925) Importer(815301076,1909f56bfc062723c751e8b465ee728b)  -> (artifact id: 'f1dbac3a0b64dfdb435d04b6e2e33912') in 0.032470 seconds 
========================================================================
Received Import Request.
  Time since last request: 0.000454 seconds.
  path: Assets/CoffeeShopStarterPack/Prefabs/Gameplay/PW_microwave_interactable.prefab
  artifactKey: Guid(4269506dcb6ad41a8a58a18ed8af1cdd) Importer(815301076,1909f56bfc062723c751e8b465ee728b)
Start importing Assets/CoffeeShopStarterPack/Prefabs/Gameplay/PW_microwave_interactable.prefab using Guid(4269506dcb6ad41a8a58a18ed8af1cdd) Importer(815301076,1909f56bfc062723c751e8b465ee728b)  -> (artifact id: '641be84e96a981ba31f911bd945c5067') in 0.040439 seconds 
========================================================================
Received Import Request.
  Time since last request: 21.864037 seconds.
  path: Assets/CoffeeShopStarterPack/Prefabs/Gameplay/Products/PW_orangejuice_type2.prefab
  artifactKey: Guid(6c1d3adc7bce3495290af7254342cc38) Importer(815301076,1909f56bfc062723c751e8b465ee728b)
Start importing Assets/CoffeeShopStarterPack/Prefabs/Gameplay/Products/PW_orangejuice_type2.prefab using Guid(6c1d3adc7bce3495290af7254342cc38) Importer(815301076,1909f56bfc062723c751e8b465ee728b)  -> (artifact id: 'c130a137564b930c411fc94b22ce690e') in 0.036694 seconds 
========================================================================
Received Import Request.
  Time since last request: 0.000090 seconds.
  path: Assets/CoffeeShopStarterPack/Prefabs/Gameplay/PW_pan_cookingObject.prefab
  artifactKey: Guid(d85200a509053418d9322f4d1a3eb615) Importer(815301076,1909f56bfc062723c751e8b465ee728b)
Start importing Assets/CoffeeShopStarterPack/Prefabs/Gameplay/PW_pan_cookingObject.prefab using Guid(d85200a509053418d9322f4d1a3eb615) Importer(815301076,1909f56bfc062723c751e8b465ee728b)  -> (artifact id: '2c2c9e9114c04a27a9f3935553c57e85') in 0.028288 seconds 
========================================================================
Received Import Request.
  Time since last request: 7.689966 seconds.
  path: Assets/CoffeeShopStarterPack/Prefabs/Gameplay/Products/PW_tea_cup01_type2.prefab
  artifactKey: Guid(b224ea97cbe5d4ed9a46c4ef3a2064a1) Importer(815301076,1909f56bfc062723c751e8b465ee728b)
Start importing Assets/CoffeeShopStarterPack/Prefabs/Gameplay/Products/PW_tea_cup01_type2.prefab using Guid(b224ea97cbe5d4ed9a46c4ef3a2064a1) Importer(815301076,1909f56bfc062723c751e8b465ee728b)  -> (artifact id: '5a5453d1913b1122f64854fa245ac639') in 0.027740 seconds 
========================================================================
Received Import Request.
  Time since last request: 0.001894 seconds.
  path: Assets/CoffeeShopStarterPack/Prefabs/Gameplay/Products/PW_tea_cup02_type2.prefab
  artifactKey: Guid(193ca3c7c702d43bd97e62a0d30d1105) Importer(815301076,1909f56bfc062723c751e8b465ee728b)
Start importing Assets/CoffeeShopStarterPack/Prefabs/Gameplay/Products/PW_tea_cup02_type2.prefab using Guid(193ca3c7c702d43bd97e62a0d30d1105) Importer(815301076,1909f56bfc062723c751e8b465ee728b)  -> (artifact id: '0de6b602492d827d52ed7a596b6e1768') in 0.022521 seconds 
========================================================================
Received Import Request.
  Time since last request: 9.526694 seconds.
  path: Assets/StudioBillion/House Interior/Prefabs/Sink.prefab
  artifactKey: Guid(2b53442aaa1f7eb4ba66dfaf7f38a0b4) Importer(815301076,1909f56bfc062723c751e8b465ee728b)
Start importing Assets/StudioBillion/House Interior/Prefabs/Sink.prefab using Guid(2b53442aaa1f7eb4ba66dfaf7f38a0b4) Importer(815301076,1909f56bfc062723c751e8b465ee728b)  -> (artifact id: '54a0c46aa7ae12f46eb4744ae7b87e03') in 0.051539 seconds 
========================================================================
Received Import Request.
  Time since last request: 0.000119 seconds.
  path: Assets/StudioBillion/House Interior/Prefabs/Sofa.prefab
  artifactKey: Guid(7eb8f0ed299d70f429df582be35b81e5) Importer(815301076,1909f56bfc062723c751e8b465ee728b)
Start importing Assets/StudioBillion/House Interior/Prefabs/Sofa.prefab using Guid(7eb8f0ed299d70f429df582be35b81e5) Importer(815301076,1909f56bfc062723c751e8b465ee728b)  -> (artifact id: '1de63eb8443b7784adf4f314a77faedc') in 0.025535 seconds 
========================================================================
Received Import Request.
  Time since last request: 1.093678 seconds.
  path: Assets/StudioBillion/House Interior/Prefabs/Tv Unit.prefab
  artifactKey: Guid(01703f21ce284a1498b9b8bea9ac8103) Importer(815301076,1909f56bfc062723c751e8b465ee728b)
Start importing Assets/StudioBillion/House Interior/Prefabs/Tv Unit.prefab using Guid(01703f21ce284a1498b9b8bea9ac8103) Importer(815301076,1909f56bfc062723c751e8b465ee728b)  -> (artifact id: 'c5d9058fc45697f03d7b7b534aad219b') in 0.063901 seconds 
========================================================================
Received Import Request.
  Time since last request: 0.001986 seconds.
  path: Assets/StudioBillion/House Interior/Prefabs/Vase.prefab
  artifactKey: Guid(419bf7a95ce43b847833705cfa58c35b) Importer(815301076,1909f56bfc062723c751e8b465ee728b)
Start importing Assets/StudioBillion/House Interior/Prefabs/Vase.prefab using Guid(419bf7a95ce43b847833705cfa58c35b) Importer(815301076,1909f56bfc062723c751e8b465ee728b)  -> (artifact id: '351ffc08339e6aeb08f300ae1b3cf918') in 0.022292 seconds 
